2019-08-18 20:59:44,079  INFO [main] WebEventListener:27 - Browser Launched Successfully
2019-08-18 20:59:45,362  INFO [main] SalesPage:129 - Browser Terminated
2019-08-18 20:59:53,092  INFO [main] WebEventListener:27 - Browser Launched Successfully
2019-08-18 20:59:53,820  INFO [main] SalesPage:48 - Home Page --- Zoopla Logo Verified
2019-08-18 20:59:54,457  INFO [main] SalesPage:129 - Browser Terminated
2019-08-18 21:00:01,648  INFO [main] WebEventListener:27 - Browser Launched Successfully
2019-08-18 21:00:11,758  INFO [main] SalesPage:56 - Successfully Entered City Name and Clicked on Search Button
2019-08-18 21:00:12,495  INFO [main] SalesPage:129 - Browser Terminated
2019-08-18 21:00:20,507  INFO [main] WebEventListener:27 - Browser Launched Successfully
2019-08-18 21:00:31,369  INFO [main] SalesPage:129 - Browser Terminated
2019-08-18 21:00:38,023  INFO [main] WebEventListener:27 - Browser Launched Successfully
2019-08-18 21:00:45,473  INFO [main] SalesPage:50 - Sales Page --- Zoopla Logo Verified
2019-08-18 21:00:46,126  INFO [main] SalesPage:129 - Browser Terminated
2019-08-18 21:00:53,569  INFO [main] WebEventListener:27 - Browser Launched Successfully
2019-08-18 21:01:02,719  INFO [main] SalesPage:58 - All Price Lists are printed in Descending Order
2019-08-18 21:01:03,357  INFO [main] SalesPage:129 - Browser Terminated
2019-08-18 21:01:14,375  INFO [main] WebEventListener:27 - Browser Launched Successfully
2019-08-18 21:01:27,347  INFO [main] AgentsPage:66 - Clicked on Fifth Position from  Price List
2019-08-18 21:01:28,034  INFO [main] AgentsPage:129 - Browser Terminated
2019-08-18 21:01:28,081 DEBUG [main] cache:45 - Couldn't find template in cache for "Extent.ftl"("en_IN", UTF-8, parsed); will try to load it.
2019-08-18 21:01:28,081 DEBUG [main] cache:45 - TemplateLoader.findTemplateSource("Extent_en_IN.ftl"): Not found
2019-08-18 21:01:28,081 DEBUG [main] cache:45 - TemplateLoader.findTemplateSource("Extent_en.ftl"): Not found
2019-08-18 21:01:28,081 DEBUG [main] cache:45 - TemplateLoader.findTemplateSource("Extent.ftl"): Found
2019-08-18 21:01:28,081 DEBUG [main] cache:45 - Loading template for "Extent.ftl"("en_IN", UTF-8, parsed) from "jar:file:/C:/Users/Admin/.m2/repository/com/relevantcodes/extentreports/2.41.2/extentreports-2.41.2.jar!/com/relevantcodes/extentreports/view/Extent.ftl"
2019-08-18 21:01:28,564 DEBUG [main] cache:45 - Couldn't find template in cache for "Extent.ftl"("en_IN", UTF-8, parsed); will try to load it.
2019-08-18 21:01:28,564 DEBUG [main] cache:45 - TemplateLoader.findTemplateSource("Extent_en_IN.ftl"): Not found
2019-08-18 21:01:28,564 DEBUG [main] cache:45 - TemplateLoader.findTemplateSource("Extent_en.ftl"): Not found
2019-08-18 21:01:28,564 DEBUG [main] cache:45 - TemplateLoader.findTemplateSource("Extent.ftl"): Found
2019-08-18 21:01:28,564 DEBUG [main] cache:45 - Loading template for "Extent.ftl"("en_IN", UTF-8, parsed) from "jar:file:/C:/Users/Admin/.m2/repository/com/relevantcodes/extentreports/2.41.2/extentreports-2.41.2.jar!/com/relevantcodes/extentreports/view/Extent.ftl"
