2019-08-07 21:42:15,392  INFO [main] WebEventListener:27 - Browser Launched Successfully
2019-08-07 21:42:16,637  INFO [main] SalesPage:129 - Browser Terminated
2019-08-07 21:42:27,188  INFO [main] WebEventListener:27 - Browser Launched Successfully
2019-08-07 21:42:27,260  INFO [main] SalesPage:48 - Home Page --- Zoopla Logo Verified
2019-08-07 21:42:27,873  INFO [main] SalesPage:129 - Browser Terminated
2019-08-07 21:42:38,869  INFO [main] WebEventListener:27 - Browser Launched Successfully
2019-08-07 21:42:46,025  INFO [main] SalesPage:56 - Successfully Entered City Name and Clicked on Search Button
2019-08-07 21:42:46,681  INFO [main] SalesPage:129 - Browser Terminated
2019-08-07 21:42:58,120  INFO [main] WebEventListener:27 - Browser Launched Successfully
2019-08-07 21:43:06,975  INFO [main] SalesPage:129 - Browser Terminated
2019-08-07 21:43:17,531  INFO [main] WebEventListener:27 - Browser Launched Successfully
2019-08-07 21:43:25,309  INFO [main] SalesPage:50 - Sales Page --- Zoopla Logo Verified
2019-08-07 21:43:25,973  INFO [main] SalesPage:129 - Browser Terminated
2019-08-07 21:43:38,199  INFO [main] WebEventListener:27 - Browser Launched Successfully
2019-08-07 21:44:08,514  INFO [main] SalesPage:58 - All Price Lists are printed in Descending Order
2019-08-07 21:44:09,162  INFO [main] SalesPage:129 - Browser Terminated
2019-08-07 21:44:21,939  INFO [main] WebEventListener:27 - Browser Launched Successfully
2019-08-07 21:44:33,389  INFO [main] AgentsPage:66 - Clicked on Fifth Position from  Price List
2019-08-07 21:44:34,027  INFO [main] AgentsPage:129 - Browser Terminated
2019-08-07 21:44:34,080 DEBUG [main] cache:45 - Couldn't find template in cache for "Extent.ftl"("en_IN", UTF-8, parsed); will try to load it.
2019-08-07 21:44:34,084 DEBUG [main] cache:45 - TemplateLoader.findTemplateSource("Extent_en_IN.ftl"): Not found
2019-08-07 21:44:34,086 DEBUG [main] cache:45 - TemplateLoader.findTemplateSource("Extent_en.ftl"): Not found
2019-08-07 21:44:34,088 DEBUG [main] cache:45 - TemplateLoader.findTemplateSource("Extent.ftl"): Found
2019-08-07 21:44:34,088 DEBUG [main] cache:45 - Loading template for "Extent.ftl"("en_IN", UTF-8, parsed) from "jar:file:/C:/Users/Admin/.m2/repository/com/relevantcodes/extentreports/2.41.2/extentreports-2.41.2.jar!/com/relevantcodes/extentreports/view/Extent.ftl"
2019-08-07 21:44:34,515 DEBUG [main] cache:45 - Couldn't find template in cache for "Extent.ftl"("en_IN", UTF-8, parsed); will try to load it.
2019-08-07 21:44:34,516 DEBUG [main] cache:45 - TemplateLoader.findTemplateSource("Extent_en_IN.ftl"): Not found
2019-08-07 21:44:34,517 DEBUG [main] cache:45 - TemplateLoader.findTemplateSource("Extent_en.ftl"): Not found
2019-08-07 21:44:34,517 DEBUG [main] cache:45 - TemplateLoader.findTemplateSource("Extent.ftl"): Found
2019-08-07 21:44:34,518 DEBUG [main] cache:45 - Loading template for "Extent.ftl"("en_IN", UTF-8, parsed) from "jar:file:/C:/Users/Admin/.m2/repository/com/relevantcodes/extentreports/2.41.2/extentreports-2.41.2.jar!/com/relevantcodes/extentreports/view/Extent.ftl"
