2019-08-07 21:34:06,572  INFO [main] WebEventListener:26 - Browser Launched Successfully
2019-08-07 21:34:08,172  INFO [main] SalesPage:129 - Browser Terminated
2019-08-07 21:34:15,740  INFO [main] WebEventListener:26 - Browser Launched Successfully
2019-08-07 21:34:15,835  INFO [main] SalesPage:47 - Home Page --- Zoopla Logo Verified
2019-08-07 21:34:16,444  INFO [main] SalesPage:129 - Browser Terminated
2019-08-07 21:34:28,667  INFO [main] WebEventListener:26 - Browser Launched Successfully
2019-08-07 21:34:35,870  INFO [main] SalesPage:55 - Successfully Entered City Name and Clicked on Search Button
2019-08-07 21:34:36,543  INFO [main] SalesPage:129 - Browser Terminated
2019-08-07 21:34:47,554  INFO [main] WebEventListener:26 - Browser Launched Successfully
2019-08-07 21:34:58,940  INFO [main] SalesPage:129 - Browser Terminated
2019-08-07 21:35:12,059  INFO [main] WebEventListener:26 - Browser Launched Successfully
2019-08-07 21:35:23,037  INFO [main] SalesPage:49 - Sales Page --- Zoopla Logo Verified
2019-08-07 21:35:23,673  INFO [main] SalesPage:129 - Browser Terminated
2019-08-07 21:35:34,408  INFO [main] WebEventListener:26 - Browser Launched Successfully
2019-08-07 21:35:42,352  INFO [main] SalesPage:57 - All Price Lists are printed in Descending Order
2019-08-07 21:35:42,978  INFO [main] SalesPage:129 - Browser Terminated
2019-08-07 21:35:50,520  INFO [main] WebEventListener:26 - Browser Launched Successfully
2019-08-07 21:36:33,401  INFO [main] AgentsPage:65 - Clicked on Fifth Position from  Price List
2019-08-07 21:36:34,044  INFO [main] AgentsPage:129 - Browser Terminated
2019-08-07 21:36:34,118 DEBUG [main] cache:45 - Couldn't find template in cache for "Extent.ftl"("en_IN", UTF-8, parsed); will try to load it.
2019-08-07 21:36:34,122 DEBUG [main] cache:45 - TemplateLoader.findTemplateSource("Extent_en_IN.ftl"): Not found
2019-08-07 21:36:34,124 DEBUG [main] cache:45 - TemplateLoader.findTemplateSource("Extent_en.ftl"): Not found
2019-08-07 21:36:34,126 DEBUG [main] cache:45 - TemplateLoader.findTemplateSource("Extent.ftl"): Found
2019-08-07 21:36:34,126 DEBUG [main] cache:45 - Loading template for "Extent.ftl"("en_IN", UTF-8, parsed) from "jar:file:/C:/Users/Admin/.m2/repository/com/relevantcodes/extentreports/2.41.2/extentreports-2.41.2.jar!/com/relevantcodes/extentreports/view/Extent.ftl"
2019-08-07 21:36:34,556 DEBUG [main] cache:45 - Couldn't find template in cache for "Extent.ftl"("en_IN", UTF-8, parsed); will try to load it.
2019-08-07 21:36:34,557 DEBUG [main] cache:45 - TemplateLoader.findTemplateSource("Extent_en_IN.ftl"): Not found
2019-08-07 21:36:34,557 DEBUG [main] cache:45 - TemplateLoader.findTemplateSource("Extent_en.ftl"): Not found
2019-08-07 21:36:34,558 DEBUG [main] cache:45 - TemplateLoader.findTemplateSource("Extent.ftl"): Found
2019-08-07 21:36:34,558 DEBUG [main] cache:45 - Loading template for "Extent.ftl"("en_IN", UTF-8, parsed) from "jar:file:/C:/Users/Admin/.m2/repository/com/relevantcodes/extentreports/2.41.2/extentreports-2.41.2.jar!/com/relevantcodes/extentreports/view/Extent.ftl"
