2019-08-06 22:40:44,491  INFO [main] WebEventListener:26 - Browser Launched Successfully
2019-08-06 22:40:45,699  INFO [main] SalesPage:128 - Browser Terminated
2019-08-06 22:41:02,837  INFO [main] WebEventListener:26 - Browser Launched Successfully
2019-08-06 22:41:02,914  INFO [main] SalesPage:47 - Home Page --- Zoopla Logo Verified
2019-08-06 22:41:03,537  INFO [main] SalesPage:128 - Browser Terminated
2019-08-06 22:41:22,232  INFO [main] WebEventListener:26 - Browser Launched Successfully
2019-08-06 22:41:39,772  INFO [main] SalesPage:55 - Successfully Entered City Name and Clicked on Search Button
2019-08-06 22:41:40,402  INFO [main] SalesPage:128 - Browser Terminated
2019-08-06 22:41:40,445 DEBUG [main] cache:45 - Couldn't find template in cache for "Extent.ftl"("en_IN", UTF-8, parsed); will try to load it.
2019-08-06 22:41:40,447 DEBUG [main] cache:45 - TemplateLoader.findTemplateSource("Extent_en_IN.ftl"): Not found
2019-08-06 22:41:40,450 DEBUG [main] cache:45 - TemplateLoader.findTemplateSource("Extent_en.ftl"): Not found
2019-08-06 22:41:40,451 DEBUG [main] cache:45 - TemplateLoader.findTemplateSource("Extent.ftl"): Found
2019-08-06 22:41:40,452 DEBUG [main] cache:45 - Loading template for "Extent.ftl"("en_IN", UTF-8, parsed) from "jar:file:/C:/Users/Admin/.m2/repository/com/relevantcodes/extentreports/2.41.2/extentreports-2.41.2.jar!/com/relevantcodes/extentreports/view/Extent.ftl"
2019-08-06 22:41:40,946 DEBUG [main] cache:45 - Couldn't find template in cache for "Extent.ftl"("en_IN", UTF-8, parsed); will try to load it.
2019-08-06 22:41:40,946 DEBUG [main] cache:45 - TemplateLoader.findTemplateSource("Extent_en_IN.ftl"): Not found
2019-08-06 22:41:40,947 DEBUG [main] cache:45 - TemplateLoader.findTemplateSource("Extent_en.ftl"): Not found
2019-08-06 22:41:40,949 DEBUG [main] cache:45 - TemplateLoader.findTemplateSource("Extent.ftl"): Found
2019-08-06 22:41:40,950 DEBUG [main] cache:45 - Loading template for "Extent.ftl"("en_IN", UTF-8, parsed) from "jar:file:/C:/Users/Admin/.m2/repository/com/relevantcodes/extentreports/2.41.2/extentreports-2.41.2.jar!/com/relevantcodes/extentreports/view/Extent.ftl"
2019-08-06 22:41:59,059  INFO [main] WebEventListener:26 - Browser Launched Successfully
2019-08-06 22:42:13,922  INFO [main] SalesPage:128 - Browser Terminated
2019-08-06 22:42:33,390  INFO [main] WebEventListener:26 - Browser Launched Successfully
2019-08-06 22:42:50,071  INFO [main] SalesPage:49 - Sales Page --- Zoopla Logo Verified
2019-08-06 22:42:50,699  INFO [main] SalesPage:128 - Browser Terminated
2019-08-06 22:43:03,173  INFO [main] WebEventListener:26 - Browser Launched Successfully
2019-08-06 22:43:17,721  INFO [main] SalesPage:57 - All Price Lists are printed in Descending Order
2019-08-06 22:43:18,378  INFO [main] SalesPage:128 - Browser Terminated
2019-08-06 22:43:33,516  INFO [main] WebEventListener:26 - Browser Launched Successfully
2019-08-06 22:44:12,930  INFO [main] AgentsPage:65 - Clicked on Fifth Position from  Price List
2019-08-06 22:44:13,584  INFO [main] AgentsPage:128 - Browser Terminated
2019-08-06 22:44:13,586 DEBUG [main] cache:45 - Couldn't find template in cache for "Extent.ftl"("en_IN", UTF-8, parsed); will try to load it.
2019-08-06 22:44:13,587 DEBUG [main] cache:45 - TemplateLoader.findTemplateSource("Extent_en_IN.ftl"): Not found
2019-08-06 22:44:13,588 DEBUG [main] cache:45 - TemplateLoader.findTemplateSource("Extent_en.ftl"): Not found
2019-08-06 22:44:13,589 DEBUG [main] cache:45 - TemplateLoader.findTemplateSource("Extent.ftl"): Found
2019-08-06 22:44:13,590 DEBUG [main] cache:45 - Loading template for "Extent.ftl"("en_IN", UTF-8, parsed) from "jar:file:/C:/Users/Admin/.m2/repository/com/relevantcodes/extentreports/2.41.2/extentreports-2.41.2.jar!/com/relevantcodes/extentreports/view/Extent.ftl"
2019-08-06 22:44:13,651 DEBUG [main] cache:45 - Couldn't find template in cache for "Extent.ftl"("en_IN", UTF-8, parsed); will try to load it.
2019-08-06 22:44:13,651 DEBUG [main] cache:45 - TemplateLoader.findTemplateSource("Extent_en_IN.ftl"): Not found
2019-08-06 22:44:13,652 DEBUG [main] cache:45 - TemplateLoader.findTemplateSource("Extent_en.ftl"): Not found
2019-08-06 22:44:13,652 DEBUG [main] cache:45 - TemplateLoader.findTemplateSource("Extent.ftl"): Found
2019-08-06 22:44:13,653 DEBUG [main] cache:45 - Loading template for "Extent.ftl"("en_IN", UTF-8, parsed) from "jar:file:/C:/Users/Admin/.m2/repository/com/relevantcodes/extentreports/2.41.2/extentreports-2.41.2.jar!/com/relevantcodes/extentreports/view/Extent.ftl"
