2020-07-28 22:16:18,257  INFO [main] WebEventListener:25 - Browser Launched Successfully
2020-07-28 22:16:19,359  INFO [main] SalesPage:95 - Browser Terminated
2020-07-28 22:16:19,453 DEBUG [main] cache:44 - Couldn't find template in cache for "spark/spark.spa.ftl"("en_IN", UTF-8, parsed); will try to load it.
2020-07-28 22:16:19,455 DEBUG [main] cache:44 - TemplateLoader.findTemplateSource("spark/spark.spa_en_IN.ftl"): Not found
2020-07-28 22:16:19,458 DEBUG [main] cache:44 - TemplateLoader.findTemplateSource("spark/spark.spa_en.ftl"): Not found
2020-07-28 22:16:19,460 DEBUG [main] cache:44 - TemplateLoader.findTemplateSource("spark/spark.spa.ftl"): Found
2020-07-28 22:16:19,461 DEBUG [main] cache:44 - Loading template for "spark/spark.spa.ftl"("en_IN", UTF-8, parsed) from "jar:file:/C:/Users/Admin/.m2/repository/com/aventstack/extentreports/4.1.7/extentreports-4.1.7.jar!/com/aventstack/extentreports/view/spark/spark.spa.ftl"
2020-07-28 22:16:19,657 DEBUG [main] cache:44 - Couldn't find template in cache for "commons/commons-variables.ftl"("en_IN", UTF-8, parsed); will try to load it.
2020-07-28 22:16:19,658 DEBUG [main] cache:44 - TemplateLoader.findTemplateSource("commons/commons-variables_en_IN.ftl"): Not found
2020-07-28 22:16:19,659 DEBUG [main] cache:44 - TemplateLoader.findTemplateSource("commons/commons-variables_en.ftl"): Not found
2020-07-28 22:16:19,660 DEBUG [main] cache:44 - TemplateLoader.findTemplateSource("commons/commons-variables.ftl"): Found
2020-07-28 22:16:19,660 DEBUG [main] cache:44 - Loading template for "commons/commons-variables.ftl"("en_IN", UTF-8, parsed) from "jar:file:/C:/Users/Admin/.m2/repository/com/aventstack/extentreports/4.1.7/extentreports-4.1.7.jar!/com/aventstack/extentreports/view/commons/commons-variables.ftl"
2020-07-28 22:16:19,814 DEBUG [main] cache:44 - Couldn't find template in cache for "commons/commons-macros.ftl"("en_IN", UTF-8, parsed); will try to load it.
2020-07-28 22:16:19,815 DEBUG [main] cache:44 - TemplateLoader.findTemplateSource("commons/commons-macros_en_IN.ftl"): Not found
2020-07-28 22:16:19,816 DEBUG [main] cache:44 - TemplateLoader.findTemplateSource("commons/commons-macros_en.ftl"): Not found
2020-07-28 22:16:19,817 DEBUG [main] cache:44 - TemplateLoader.findTemplateSource("commons/commons-macros.ftl"): Found
2020-07-28 22:16:19,818 DEBUG [main] cache:44 - Loading template for "commons/commons-macros.ftl"("en_IN", UTF-8, parsed) from "jar:file:/C:/Users/Admin/.m2/repository/com/aventstack/extentreports/4.1.7/extentreports-4.1.7.jar!/com/aventstack/extentreports/view/commons/commons-macros.ftl"
2020-07-28 22:16:19,838 DEBUG [main] cache:44 - Couldn't find template in cache for "spark/macros/attributes.ftl"("en_IN", UTF-8, parsed); will try to load it.
2020-07-28 22:16:19,839 DEBUG [main] cache:44 - TemplateLoader.findTemplateSource("spark/macros/attributes_en_IN.ftl"): Not found
2020-07-28 22:16:19,840 DEBUG [main] cache:44 - TemplateLoader.findTemplateSource("spark/macros/attributes_en.ftl"): Not found
2020-07-28 22:16:19,841 DEBUG [main] cache:44 - TemplateLoader.findTemplateSource("spark/macros/attributes.ftl"): Found
2020-07-28 22:16:19,841 DEBUG [main] cache:44 - Loading template for "spark/macros/attributes.ftl"("en_IN", UTF-8, parsed) from "jar:file:/C:/Users/Admin/.m2/repository/com/aventstack/extentreports/4.1.7/extentreports-4.1.7.jar!/com/aventstack/extentreports/view/spark/macros/attributes.ftl"
2020-07-28 22:16:19,845 DEBUG [main] cache:44 - Couldn't find template in cache for "spark/macros/log.ftl"("en_IN", UTF-8, parsed); will try to load it.
2020-07-28 22:16:19,847 DEBUG [main] cache:44 - TemplateLoader.findTemplateSource("spark/macros/log_en_IN.ftl"): Not found
2020-07-28 22:16:19,848 DEBUG [main] cache:44 - TemplateLoader.findTemplateSource("spark/macros/log_en.ftl"): Not found
2020-07-28 22:16:19,850 DEBUG [main] cache:44 - TemplateLoader.findTemplateSource("spark/macros/log.ftl"): Found
2020-07-28 22:16:19,850 DEBUG [main] cache:44 - Loading template for "spark/macros/log.ftl"("en_IN", UTF-8, parsed) from "jar:file:/C:/Users/Admin/.m2/repository/com/aventstack/extentreports/4.1.7/extentreports-4.1.7.jar!/com/aventstack/extentreports/view/spark/macros/log.ftl"
2020-07-28 22:16:19,855 DEBUG [main] cache:44 - Couldn't find template in cache for "spark/macros/recurse_nodes.ftl"("en_IN", UTF-8, parsed); will try to load it.
2020-07-28 22:16:19,856 DEBUG [main] cache:44 - TemplateLoader.findTemplateSource("spark/macros/recurse_nodes_en_IN.ftl"): Not found
2020-07-28 22:16:19,856 DEBUG [main] cache:44 - TemplateLoader.findTemplateSource("spark/macros/recurse_nodes_en.ftl"): Not found
2020-07-28 22:16:19,857 DEBUG [main] cache:44 - TemplateLoader.findTemplateSource("spark/macros/recurse_nodes.ftl"): Found
2020-07-28 22:16:19,863 DEBUG [main] cache:44 - Loading template for "spark/macros/recurse_nodes.ftl"("en_IN", UTF-8, parsed) from "jar:file:/C:/Users/Admin/.m2/repository/com/aventstack/extentreports/4.1.7/extentreports-4.1.7.jar!/com/aventstack/extentreports/view/spark/macros/recurse_nodes.ftl"
2020-07-28 22:16:19,868 DEBUG [main] cache:44 - "spark/macros/log.ftl"("en_IN", UTF-8, parsed) cached copy not yet stale; using cached.
2020-07-28 22:16:19,885 DEBUG [main] cache:44 - Couldn't find template in cache for "spark/partials/head.ftl"("en_IN", UTF-8, parsed); will try to load it.
2020-07-28 22:16:19,886 DEBUG [main] cache:44 - TemplateLoader.findTemplateSource("spark/partials/head_en_IN.ftl"): Not found
2020-07-28 22:16:19,887 DEBUG [main] cache:44 - TemplateLoader.findTemplateSource("spark/partials/head_en.ftl"): Not found
2020-07-28 22:16:19,888 DEBUG [main] cache:44 - TemplateLoader.findTemplateSource("spark/partials/head.ftl"): Found
2020-07-28 22:16:19,889 DEBUG [main] cache:44 - Loading template for "spark/partials/head.ftl"("en_IN", UTF-8, parsed) from "jar:file:/C:/Users/Admin/.m2/repository/com/aventstack/extentreports/4.1.7/extentreports-4.1.7.jar!/com/aventstack/extentreports/view/spark/partials/head.ftl"
2020-07-28 22:16:19,893 DEBUG [main] cache:44 - Couldn't find template in cache for "commons/commons-inject-css.ftl"("en_IN", UTF-8, parsed); will try to load it.
2020-07-28 22:16:19,893 DEBUG [main] cache:44 - TemplateLoader.findTemplateSource("commons/commons-inject-css_en_IN.ftl"): Not found
2020-07-28 22:16:19,894 DEBUG [main] cache:44 - TemplateLoader.findTemplateSource("commons/commons-inject-css_en.ftl"): Not found
2020-07-28 22:16:19,895 DEBUG [main] cache:44 - TemplateLoader.findTemplateSource("commons/commons-inject-css.ftl"): Found
2020-07-28 22:16:19,896 DEBUG [main] cache:44 - Loading template for "commons/commons-inject-css.ftl"("en_IN", UTF-8, parsed) from "jar:file:/C:/Users/Admin/.m2/repository/com/aventstack/extentreports/4.1.7/extentreports-4.1.7.jar!/com/aventstack/extentreports/view/commons/commons-inject-css.ftl"
2020-07-28 22:16:19,898 DEBUG [main] cache:44 - Couldn't find template in cache for "spark/partials/navbar.ftl"("en_IN", UTF-8, parsed); will try to load it.
2020-07-28 22:16:19,899 DEBUG [main] cache:44 - TemplateLoader.findTemplateSource("spark/partials/navbar_en_IN.ftl"): Not found
2020-07-28 22:16:19,900 DEBUG [main] cache:44 - TemplateLoader.findTemplateSource("spark/partials/navbar_en.ftl"): Not found
2020-07-28 22:16:19,901 DEBUG [main] cache:44 - TemplateLoader.findTemplateSource("spark/partials/navbar.ftl"): Found
2020-07-28 22:16:19,902 DEBUG [main] cache:44 - Loading template for "spark/partials/navbar.ftl"("en_IN", UTF-8, parsed) from "jar:file:/C:/Users/Admin/.m2/repository/com/aventstack/extentreports/4.1.7/extentreports-4.1.7.jar!/com/aventstack/extentreports/view/spark/partials/navbar.ftl"
2020-07-28 22:16:19,918 DEBUG [main] cache:44 - Couldn't find template in cache for "spark/partials/sidenav.ftl"("en_IN", UTF-8, parsed); will try to load it.
2020-07-28 22:16:19,919 DEBUG [main] cache:44 - TemplateLoader.findTemplateSource("spark/partials/sidenav_en_IN.ftl"): Not found
2020-07-28 22:16:19,919 DEBUG [main] cache:44 - TemplateLoader.findTemplateSource("spark/partials/sidenav_en.ftl"): Not found
2020-07-28 22:16:19,920 DEBUG [main] cache:44 - TemplateLoader.findTemplateSource("spark/partials/sidenav.ftl"): Found
2020-07-28 22:16:19,920 DEBUG [main] cache:44 - Loading template for "spark/partials/sidenav.ftl"("en_IN", UTF-8, parsed) from "jar:file:/C:/Users/Admin/.m2/repository/com/aventstack/extentreports/4.1.7/extentreports-4.1.7.jar!/com/aventstack/extentreports/view/spark/partials/sidenav.ftl"
2020-07-28 22:16:19,923 DEBUG [main] cache:44 - Couldn't find template in cache for "spark/partials/test.ftl"("en_IN", UTF-8, parsed); will try to load it.
2020-07-28 22:16:19,924 DEBUG [main] cache:44 - TemplateLoader.findTemplateSource("spark/partials/test_en_IN.ftl"): Not found
2020-07-28 22:16:19,924 DEBUG [main] cache:44 - TemplateLoader.findTemplateSource("spark/partials/test_en.ftl"): Not found
2020-07-28 22:16:19,925 DEBUG [main] cache:44 - TemplateLoader.findTemplateSource("spark/partials/test.ftl"): Found
2020-07-28 22:16:19,926 DEBUG [main] cache:44 - Loading template for "spark/partials/test.ftl"("en_IN", UTF-8, parsed) from "jar:file:/C:/Users/Admin/.m2/repository/com/aventstack/extentreports/4.1.7/extentreports-4.1.7.jar!/com/aventstack/extentreports/view/spark/partials/test.ftl"
2020-07-28 22:16:19,966 DEBUG [main] cache:44 - Couldn't find template in cache for "spark/partials/standard-content.ftl"("en_IN", UTF-8, parsed); will try to load it.
2020-07-28 22:16:19,967 DEBUG [main] cache:44 - TemplateLoader.findTemplateSource("spark/partials/standard-content_en_IN.ftl"): Not found
2020-07-28 22:16:19,968 DEBUG [main] cache:44 - TemplateLoader.findTemplateSource("spark/partials/standard-content_en.ftl"): Not found
2020-07-28 22:16:19,969 DEBUG [main] cache:44 - TemplateLoader.findTemplateSource("spark/partials/standard-content.ftl"): Found
2020-07-28 22:16:19,970 DEBUG [main] cache:44 - Loading template for "spark/partials/standard-content.ftl"("en_IN", UTF-8, parsed) from "jar:file:/C:/Users/Admin/.m2/repository/com/aventstack/extentreports/4.1.7/extentreports-4.1.7.jar!/com/aventstack/extentreports/view/spark/partials/standard-content.ftl"
2020-07-28 22:16:19,991 DEBUG [main] cache:44 - Couldn't find template in cache for "spark/partials/exception.ftl"("en_IN", UTF-8, parsed); will try to load it.
2020-07-28 22:16:19,992 DEBUG [main] cache:44 - TemplateLoader.findTemplateSource("spark/partials/exception_en_IN.ftl"): Not found
2020-07-28 22:16:19,993 DEBUG [main] cache:44 - TemplateLoader.findTemplateSource("spark/partials/exception_en.ftl"): Not found
2020-07-28 22:16:19,994 DEBUG [main] cache:44 - TemplateLoader.findTemplateSource("spark/partials/exception.ftl"): Found
2020-07-28 22:16:19,995 DEBUG [main] cache:44 - Loading template for "spark/partials/exception.ftl"("en_IN", UTF-8, parsed) from "jar:file:/C:/Users/Admin/.m2/repository/com/aventstack/extentreports/4.1.7/extentreports-4.1.7.jar!/com/aventstack/extentreports/view/spark/partials/exception.ftl"
2020-07-28 22:16:20,004 DEBUG [main] cache:44 - Couldn't find template in cache for "spark/partials/dashboard.ftl"("en_IN", UTF-8, parsed); will try to load it.
2020-07-28 22:16:20,005 DEBUG [main] cache:44 - TemplateLoader.findTemplateSource("spark/partials/dashboard_en_IN.ftl"): Not found
2020-07-28 22:16:20,006 DEBUG [main] cache:44 - TemplateLoader.findTemplateSource("spark/partials/dashboard_en.ftl"): Not found
2020-07-28 22:16:20,007 DEBUG [main] cache:44 - TemplateLoader.findTemplateSource("spark/partials/dashboard.ftl"): Found
2020-07-28 22:16:20,007 DEBUG [main] cache:44 - Loading template for "spark/partials/dashboard.ftl"("en_IN", UTF-8, parsed) from "jar:file:/C:/Users/Admin/.m2/repository/com/aventstack/extentreports/4.1.7/extentreports-4.1.7.jar!/com/aventstack/extentreports/view/spark/partials/dashboard.ftl"
2020-07-28 22:16:20,113 DEBUG [main] cache:44 - Couldn't find template in cache for "spark/partials/scripts.ftl"("en_IN", UTF-8, parsed); will try to load it.
2020-07-28 22:16:20,115 DEBUG [main] cache:44 - TemplateLoader.findTemplateSource("spark/partials/scripts_en_IN.ftl"): Not found
2020-07-28 22:16:20,117 DEBUG [main] cache:44 - TemplateLoader.findTemplateSource("spark/partials/scripts_en.ftl"): Not found
2020-07-28 22:16:20,119 DEBUG [main] cache:44 - TemplateLoader.findTemplateSource("spark/partials/scripts.ftl"): Found
2020-07-28 22:16:20,120 DEBUG [main] cache:44 - Loading template for "spark/partials/scripts.ftl"("en_IN", UTF-8, parsed) from "jar:file:/C:/Users/Admin/.m2/repository/com/aventstack/extentreports/4.1.7/extentreports-4.1.7.jar!/com/aventstack/extentreports/view/spark/partials/scripts.ftl"
2020-07-28 22:16:20,122 DEBUG [main] cache:44 - Couldn't find template in cache for "commons/commons-inject-js.ftl"("en_IN", UTF-8, parsed); will try to load it.
2020-07-28 22:16:20,124 DEBUG [main] cache:44 - TemplateLoader.findTemplateSource("commons/commons-inject-js_en_IN.ftl"): Not found
2020-07-28 22:16:20,125 DEBUG [main] cache:44 - TemplateLoader.findTemplateSource("commons/commons-inject-js_en.ftl"): Not found
2020-07-28 22:16:20,126 DEBUG [main] cache:44 - TemplateLoader.findTemplateSource("commons/commons-inject-js.ftl"): Found
2020-07-28 22:16:20,127 DEBUG [main] cache:44 - Loading template for "commons/commons-inject-js.ftl"("en_IN", UTF-8, parsed) from "jar:file:/C:/Users/Admin/.m2/repository/com/aventstack/extentreports/4.1.7/extentreports-4.1.7.jar!/com/aventstack/extentreports/view/commons/commons-inject-js.ftl"
