2019-09-05 00:31:46,979  INFO [main] WebEventListener:27 - Browser Launched Successfully
2019-09-05 00:31:47,793  INFO [main] SalesPage:127 - Browser Terminated
2019-09-05 00:31:59,780  INFO [main] WebEventListener:27 - Browser Launched Successfully
2019-09-05 00:32:00,417  INFO [main] SalesPage:127 - Browser Terminated
2019-09-05 00:32:10,864  INFO [main] WebEventListener:27 - Browser Launched Successfully
2019-09-05 00:32:12,146  INFO [main] SalesPage:127 - Browser Terminated
2019-09-05 00:32:23,815  INFO [main] WebEventListener:27 - Browser Launched Successfully
2019-09-05 00:32:23,903  INFO [main] SalesPage:48 - Home Page --- Zoopla Logo Verified
2019-09-05 00:32:24,528  INFO [main] SalesPage:127 - Browser Terminated
2019-09-05 00:32:34,930  INFO [main] WebEventListener:27 - Browser Launched Successfully
2019-09-05 00:32:42,528  INFO [main] SalesPage:56 - Successfully Entered City Name and Clicked on Search Button
2019-09-05 00:32:43,174  INFO [main] SalesPage:127 - Browser Terminated
2019-09-05 00:32:43,263 DEBUG [main] cache:45 - Couldn't find template in cache for "Extent.ftl"("en_IN", UTF-8, parsed); will try to load it.
2019-09-05 00:32:43,264 DEBUG [main] cache:45 - TemplateLoader.findTemplateSource("Extent_en_IN.ftl"): Not found
2019-09-05 00:32:43,266 DEBUG [main] cache:45 - TemplateLoader.findTemplateSource("Extent_en.ftl"): Not found
2019-09-05 00:32:43,269 DEBUG [main] cache:45 - TemplateLoader.findTemplateSource("Extent.ftl"): Found
2019-09-05 00:32:43,271 DEBUG [main] cache:45 - Loading template for "Extent.ftl"("en_IN", UTF-8, parsed) from "jar:file:/C:/Users/Admin/.m2/repository/com/relevantcodes/extentreports/2.41.2/extentreports-2.41.2.jar!/com/relevantcodes/extentreports/view/Extent.ftl"
2019-09-05 00:32:43,673 DEBUG [main] cache:45 - Couldn't find template in cache for "Extent.ftl"("en_IN", UTF-8, parsed); will try to load it.
2019-09-05 00:32:43,674 DEBUG [main] cache:45 - TemplateLoader.findTemplateSource("Extent_en_IN.ftl"): Not found
2019-09-05 00:32:43,674 DEBUG [main] cache:45 - TemplateLoader.findTemplateSource("Extent_en.ftl"): Not found
2019-09-05 00:32:43,675 DEBUG [main] cache:45 - TemplateLoader.findTemplateSource("Extent.ftl"): Found
2019-09-05 00:32:43,675 DEBUG [main] cache:45 - Loading template for "Extent.ftl"("en_IN", UTF-8, parsed) from "jar:file:/C:/Users/Admin/.m2/repository/com/relevantcodes/extentreports/2.41.2/extentreports-2.41.2.jar!/com/relevantcodes/extentreports/view/Extent.ftl"
